<?xml version="1.0" encoding="utf-8"?><testsuites name="pytest tests"><testsuite name="pytest" errors="0" failures="0" skipped="0" tests="25" time="43.349" timestamp="2026-08-19T19:10:22.744899+00:00" hostname="agent-env-3c465cbb-5afc-4988-9183-1b9542ad9d0d"><testcase classname="tests.backend_test" name="test_root" time="0.500" /><testcase classname="tests.backend_test" name="test_demo_reset_dataset_60_days" time="0.171" /><testcase classname="tests.backend_test" name="test_concurrent_demo_resets_do_not_duplicate" time="0.678" /><testcase classname="tests.backend_test" name="test_dashboard_shape" time="0.172" /><testcase classname="tests.backend_test" name="test_commit_sale_decrements_inventory_no_new_docs_and_undo" time="1.477" /><testcase classname="tests.backend_test" name="test_commit_expense_add_to_inventory_true_and_undo" time="1.267" /><testcase classname="tests.backend_test" name="test_commit_expense_add_to_inventory_creates_new_ingredient" time="0.791" /><testcase classname="tests.backend_test" name="test_commit_expense_add_to_inventory_false_does_not_touch_stock" time="1.116" /><testcase classname="tests.backend_test" name="test_commit_receivable_and_payment_and_undo" time="1.791" /><testcase classname="tests.backend_test" name="test_receivable_payment_unknown_customer_404" time="0.143" /><testcase classname="tests.backend_test" name="test_commit_unknown_intent_400" time="0.205" /><testcase classname="tests.backend_test" name="test_commit_inventory_absolute_and_undo" time="0.944" /><testcase classname="tests.backend_test" name="test_commit_customer_and_undo" time="0.598" /><testcase classname="tests.backend_test" name="test_undo_twice_rejected" time="0.671" /><testcase classname="tests.backend_test" name="test_correct_last_sale_87k_to_97k" time="1.372" /><testcase classname="tests.backend_test" name="test_reports[weekly-7]" time="3.314" /><testcase classname="tests.backend_test" name="test_reports[monthly-30]" time="4.889" /><testcase classname="tests.backend_test" name="test_purchases_history" time="0.145" /><testcase classname="tests.backend_test" name="test_reminders_and_mark_reminded" time="5.700" /><testcase classname="tests.backend_test" name="test_shopping_list_and_restock_undo" time="1.036" /><testcase classname="tests.backend_test" name="test_suggest_target_and_persist" time="0.713" /><testcase classname="tests.backend_test" name="test_brief_and_audio_cache" time="5.217" /><testcase classname="tests.backend_test" name="test_parse_sale_and_expense_and_question" time="6.768" /><testcase classname="tests.backend_test" name="test_expense_from_receipt" time="2.680" /><testcase classname="tests.backend_test" name="test_demo_reset_cleans_test_data" time="0.378" /></testsuite></testsuites>