<?xml version="1.0" encoding="utf-8"?><testsuites name="pytest tests"><testsuite name="pytest" errors="0" failures="0" skipped="0" tests="12" time="15.295" timestamp="2026-08-19T18:05:27.610884+00:00" hostname="agent-env-3c465cbb-5afc-4988-9183-1b9542ad9d0d"><testcase classname="tests.backend_test" name="test_root" time="0.589" /><testcase classname="tests.backend_test" name="test_dashboard_shape" time="0.253" /><testcase classname="tests.backend_test" name="test_memory_seeded" time="0.152" /><testcase classname="tests.backend_test" name="test_brief_llm" time="1.881" /><testcase classname="tests.backend_test" name="test_parse_sale" time="2.000" /><testcase classname="tests.backend_test" name="test_parse_receivable" time="2.292" /><testcase classname="tests.backend_test" name="test_parse_expense" time="2.044" /><testcase classname="tests.backend_test" name="test_parse_question" time="3.092" /><testcase classname="tests.backend_test" name="test_commit_sale_updates_revenue_and_inventory" time="0.803" /><testcase classname="tests.backend_test" name="test_commit_receivable_increases_outstanding" time="0.648" /><testcase classname="tests.backend_test" name="test_commit_receivable_payment_for_pak_budi" time="0.473" /><testcase classname="tests.backend_test" name="test_demo_reset_restores" time="0.270" /></testsuite></testsuites>